<?xml version="1.0" encoding="UTF-8"?>
<!-- Generated by org.testng.reporters.JUnitXMLReporter -->
<testsuite ignored="4" hostname="DESKTOP-UHQR9T6" failures="0" tests="3" name="AbhiBustest" time="0.148" errors="0" timestamp="2023-06-02T15:48:07 IST">
  <testcase classname="mainClassPackage.BaseClass" name="@BeforeSuite launchBrowser" time="4.267">
    <failure type="org.openqa.selenium.InvalidArgumentException" message="invalid argument
  (Session info: chrome=114.0.5735.91)
Build info: version: &amp;apos;4.8.3&amp;apos;, revision: &amp;apos;e5e76298c3&amp;apos;
System info: os.name: &amp;apos;Windows 10&amp;apos;, os.arch: &amp;apos;amd64&amp;apos;, os.version: &amp;apos;10.0&amp;apos;, java.version: &amp;apos;17.0.1&amp;apos;
Driver info: org.openqa.selenium.chrome.ChromeDriver
Command: [a1079cb1cee1e53bca875922c2483857, get {url=&amp;quot;https://www.abhibus.com/?utm_source=google&amp;amp;utm_medium=cpc&amp;amp;utm_campaign=Abhibus_Brand&amp;amp;utm_term=abhibus&amp;amp;utm_content=Brand&amp;amp;gclid=CjwKCAjwg-GjBhBnEiwAMUvNWxSiYd0h3KtbM8nKqCNEiznqpgXr9pmZlThzO8Yc3QSAUwgqSxPv4xoCNF4QAvD_BwE}]
Capabilities {acceptInsecureCerts: false, browserName: chrome, browserVersion: 114.0.5735.91, chrome: {chromedriverVersion: 114.0.5735.90 (386bc09e8f4f..., userDataDir: C:\Users\ADMIN\AppData\Loca...}, goog:chromeOptions: {debuggerAddress: localhost:53218}, networkConnectionEnabled: false, pageLoadStrategy: normal, platformName: WINDOWS, proxy: Proxy(), se:cdp: ws://localhost:53218/devtoo..., se:cdpVersion: 114.0.5735.91, setWindowRect: true, strictFileInteractability: false, timeouts: {implicit: 0, pageLoad: 300000, script: 30000}, unhandledPromptBehavior: dismiss and notify, webauthn:extension:credBlob: true, webauthn:extension:largeBlob: true, webauthn:extension:minPinLength: true, webauthn:extension:prf: true, webauthn:virtualAuthenticators: true}
Session ID: a1079cb1cee1e53bca875922c2483857">
      <![CDATA[org.openqa.selenium.InvalidArgumentException: invalid argument
  (Session info: chrome=114.0.5735.91)
Build info: version: '4.8.3', revision: 'e5e76298c3'
System info: os.name: 'Windows 10', os.arch: 'amd64', os.version: '10.0', java.version: '17.0.1'
Driver info: org.openqa.selenium.chrome.ChromeDriver
Command: [a1079cb1cee1e53bca875922c2483857, get {url="https://www.abhibus.com/?utm_source=google&utm_medium=cpc&utm_campaign=Abhibus_Brand&utm_term=abhibus&utm_content=Brand&gclid=CjwKCAjwg-GjBhBnEiwAMUvNWxSiYd0h3KtbM8nKqCNEiznqpgXr9pmZlThzO8Yc3QSAUwgqSxPv4xoCNF4QAvD_BwE}]
Capabilities {acceptInsecureCerts: false, browserName: chrome, browserVersion: 114.0.5735.91, chrome: {chromedriverVersion: 114.0.5735.90 (386bc09e8f4f..., userDataDir: C:\Users\ADMIN\AppData\Loca...}, goog:chromeOptions: {debuggerAddress: localhost:53218}, networkConnectionEnabled: false, pageLoadStrategy: normal, platformName: WINDOWS, proxy: Proxy(), se:cdp: ws://localhost:53218/devtoo..., se:cdpVersion: 114.0.5735.91, setWindowRect: true, strictFileInteractability: false, timeouts: {implicit: 0, pageLoad: 300000, script: 30000}, unhandledPromptBehavior: dismiss and notify, webauthn:extension:credBlob: true, webauthn:extension:largeBlob: true, webauthn:extension:minPinLength: true, webauthn:extension:prf: true, webauthn:virtualAuthenticators: true}
Session ID: a1079cb1cee1e53bca875922c2483857
at org.openqa.selenium.remote.codec.w3c.W3CHttpResponseCodec.createException(W3CHttpResponseCodec.java:200)
at org.openqa.selenium.remote.codec.w3c.W3CHttpResponseCodec.decode(W3CHttpResponseCodec.java:133)
at org.openqa.selenium.remote.codec.w3c.W3CHttpResponseCodec.decode(W3CHttpResponseCodec.java:53)
at org.openqa.selenium.remote.HttpCommandExecutor.execute(HttpCommandExecutor.java:193)
at org.openqa.selenium.remote.service.DriverCommandExecutor.invokeExecute(DriverCommandExecutor.java:183)
at org.openqa.selenium.remote.service.DriverCommandExecutor.execute(DriverCommandExecutor.java:158)
at org.openqa.selenium.remote.RemoteWebDriver.execute(RemoteWebDriver.java:543)
at org.openqa.selenium.remote.RemoteWebDriver.get(RemoteWebDriver.java:297)
at mainClassPackage.BaseClass.launchBrowser(BaseClass.java:41)
... Removed 24 stack frames]]>
    </failure>
  </testcase> <!-- @BeforeSuite launchBrowser -->
  <testcase classname="mainClassPackage.BaseClass" name="@AfterTest tearDown" time="-1.685701087906E9">
    <skipped/>
  </testcase> <!-- @AfterTest tearDown -->
  <testcase classname="marathonTestCase.AbhiBusBuyTicketTestCase" name="AbhiBusTicketProcess" time="0.0">
    <skipped/>
  </testcase> <!-- AbhiBusTicketProcess -->
  <testcase classname="marathonTestCase.AmazonTestCase" name="amazonTest" time="0.0">
    <skipped/>
  </testcase> <!-- amazonTest -->
  <testcase classname="marathonTestCase.PVRCinemasTestCase" name="pvrticket" time="0.0">
    <skipped/>
  </testcase> <!-- pvrticket -->
  <testcase classname="mainClassPackage.BaseClass" name="@AfterTest tearDown" time="0.0">
    <ignored/>
  </testcase> <!-- @AfterTest tearDown -->
  <testcase classname="mainClassPackage.BaseClass" name="@AfterTest tearDown" time="0.0">
    <ignored/>
  </testcase> <!-- @AfterTest tearDown -->
  <testcase classname="mainClassPackage.BaseClass" name="@BeforeSuite launchBrowser" time="0.0">
    <ignored/>
  </testcase> <!-- @BeforeSuite launchBrowser -->
  <testcase classname="mainClassPackage.BaseClass" name="@BeforeSuite launchBrowser" time="0.0">
    <ignored/>
  </testcase> <!-- @BeforeSuite launchBrowser -->
</testsuite> <!-- AbhiBustest -->
